#
# There is insufficient memory for the Java Runtime Environment to continue.
# Native memory allocation (mmap) failed to map 67108864 bytes for G1 virtual space
# Possible reasons:
#   The system is out of physical RAM or swap space
#   The process is running with CompressedOops enabled, and the Java Heap may be blocking the growth of the native heap
# Possible solutions:
#   Reduce memory load on the system
#   Increase physical memory or swap space
#   Check if swap backing store is full
#   Decrease Java heap size (-Xmx/-Xms)
#   Decrease number of Java threads
#   Decrease Java thread stack sizes (-Xss)
#   Set larger code cache with -XX:ReservedCodeCacheSize=
#   JVM is running with Unscaled Compressed Oops mode in which the Java heap is
#     placed in the first 4GB address space. The Java Heap base address is the
#     maximum limit for the native heap growth. Please use -XX:HeapBaseMinAddress
#     to set the Java Heap base and to place the Java Heap above 4GB virtual address.
# This output file may be truncated or incomplete.
#
#  Out of Memory Error (./open/src/hotspot/os/windows/os_windows.cpp:3472), pid=21464, tid=20084
#
# JRE version:  (15.0+36) (build )
# Java VM: Java HotSpot(TM) 64-Bit Server VM (15+36-1562, mixed mode, sharing, tiered, compressed oops, g1 gc, windows-amd64)
# No core dump will be written. Minidumps are not enabled by default on client versions of Windows
#

---------------  S U M M A R Y ------------

Command Line: -Dfile.encoding=Cp1252 -XX:+ShowCodeDetailsInExceptionMessages view.CityView

Host: Intel(R) Core(TM) i5-3337U CPU @ 1.80GHz, 4 cores, 3G,  Windows 10 , 64 bit Build 19041 (10.0.19041.1023)
Time: Mon Jun 21 23:32:51 2021 Egypt Standard Time elapsed time: 0.196249 seconds (0d 0h 0m 0s)

---------------  T H R E A D  ---------------

Current thread (0x00000203eb7d33e0):  JavaThread "Unknown thread" [_thread_in_vm, id=20084, stack(0x000000183da00000,0x000000183db00000)]

Stack: [0x000000183da00000,0x000000183db00000]
Native frames: (J=compiled Java code, j=interpreted, Vv=VM code, C=native code)
V  [jvm.dll+0x629eaa]
V  [jvm.dll+0x780379]
V  [jvm.dll+0x781ad3]
V  [jvm.dll+0x782133]
V  [jvm.dll+0x2159d5]
V  [jvm.dll+0x627299]
V  [jvm.dll+0x61bdd5]
V  [jvm.dll+0x2cf96d]
V  [jvm.dll+0x2cf7d2]
V  [jvm.dll+0x2d57ac]
V  [jvm.dll+0x32523a]
V  [jvm.dll+0x324904]
V  [jvm.dll+0x2a68ea]
V  [jvm.dll+0x2a7a88]
V  [jvm.dll+0x75d0f1]
V  [jvm.dll+0x333af4]
V  [jvm.dll+0x73d816]
V  [jvm.dll+0x3b68e7]
V  [jvm.dll+0x3b8371]
C  [jli.dll+0x52fb]
C  [ucrtbase.dll+0x21bb2]
C  [KERNEL32.DLL+0x17034]
C  [ntdll.dll+0x52651]


---------------  P R O C E S S  ---------------

Threads class SMR info:
_java_thread_list=0x00007ffeaf0c2fa0, length=0, elements={
}

Java Threads: ( => current thread )

Other Threads:
  0x00000203eb805490 GCTaskThread "GC Thread#0" [stack: 0x000000183db00000,0x000000183dc00000] [id=21452]
  0x00000203eb80ea90 ConcurrentGCThread "G1 Main Marker" [stack: 0x000000183dc00000,0x000000183dd00000] [id=19912]
  0x00000203eb80f680 ConcurrentGCThread "G1 Conc#0" [stack: 0x000000183dd00000,0x000000183de00000] [id=20516]

[error occurred during error reporting (printing all threads), id 0xc0000005, EXCEPTION_ACCESS_VIOLATION (0xc0000005) at pc=0x00007ffeae8b77b7]

VM state: not at safepoint (not fully initialized)

VM Mutex/Monitor currently owned by a thread:  ([mutex/lock_event])
[0x00000203eb7d0610] Heap_lock - owner thread: 0x00000203eb7d33e0

Heap address: 0x00000000c1e00000, size: 994 MB, Compressed Oops mode: 32-bit
CDS archive(s) mapped at: [0x0000000000000000-0x0000000000000000-0x0000000000000000), size 0, SharedBaseAddress: 0x0000000800000000, ArchiveRelocationMode: 0.
Narrow klass base: 0x0000000000000000, Narrow klass shift: 0, Narrow klass range: 0x0

Heap:
 garbage-first heap   total 65536K, used 0K [0x00000000c1e00000, 0x0000000100000000)
  region size 1024K, 0 young (0K), 0 survivors (0K)
 Metaspace       used 0K, capacity 0K, committed 0K, reserved 0K
  class space    used 0K, capacity 0K, committed 0K, reserved 0K

Heap Regions: E=young(eden), S=young(survivor), O=old, HS=humongous(starts), HC=humongous(continues), CS=collection set, F=free, OA=open archive, CA=closed archive, TAMS=top-at-mark-start (previous, next)

Card table byte_map: [0x00000203f3c10000,0x00000203f3e10000] _byte_map_base: 0x00000203f3601000

Marking Bits (Prev, Next): (CMBitMap*) 0x00000203eb805c80, (CMBitMap*) 0x00000203eb805cc0
 Prev Bits: [0x00000203f4010000, 0x00000203f4f98000)
 Next Bits: [0x00000203f4fa0000, 0x00000203f5f28000)

GC Heap History (0 events):
No events

Deoptimization events (0 events):
No events

Classes unloaded (0 events):
No events

Classes redefined (0 events):
No events

Internal exceptions (0 events):
No events

Events (1 events):
Event: 0.020 Loaded shared library C:\Users\Yasser\Desktop\eclipse\jre\bin\java.dll


Dynamic libraries:
0x00007ff774cd0000 - 0x00007ff774cdf000 	C:\Users\Yasser\Desktop\eclipse\jre\bin\javaw.exe
0x00007fff05b10000 - 0x00007fff05d05000 	C:\WINDOWS\SYSTEM32\ntdll.dll
0x00007ffef5ef0000 - 0x00007ffef5f03000 	C:\Program Files\AVAST Software\Avast\aswhook.dll
0x00007fff049e0000 - 0x00007fff04a9d000 	C:\WINDOWS\System32\KERNEL32.DLL
0x00007fff03550000 - 0x00007fff03818000 	C:\WINDOWS\System32\KERNELBASE.dll
0x00007fff039d0000 - 0x00007fff03ad0000 	C:\WINDOWS\System32\ucrtbase.dll
0x00007ffeead20000 - 0x00007ffeead39000 	C:\Users\Yasser\Desktop\eclipse\jre\bin\VCRUNTIME140.dll
0x00007ffeead00000 - 0x00007ffeead18000 	C:\Users\Yasser\Desktop\eclipse\jre\bin\jli.dll
0x00007fff054d0000 - 0x00007fff0557c000 	C:\WINDOWS\System32\ADVAPI32.dll
0x00007fff05810000 - 0x00007fff058ae000 	C:\WINDOWS\System32\msvcrt.dll
0x00007fff04940000 - 0x00007fff049db000 	C:\WINDOWS\System32\sechost.dll
0x00007fff040e0000 - 0x00007fff0420b000 	C:\WINDOWS\System32\RPCRT4.dll
0x00007fff055a0000 - 0x00007fff05740000 	C:\WINDOWS\System32\USER32.dll
0x00007fff03900000 - 0x00007fff03922000 	C:\WINDOWS\System32\win32u.dll
0x00007ffef30a0000 - 0x00007ffef333a000 	C:\WINDOWS\WinSxS\amd64_microsoft.windows.common-controls_6595b64144ccf1df_6.0.19041.1052_none_60b8f8fd71f5e8cb\COMCTL32.dll
0x00007fff05910000 - 0x00007fff0593a000 	C:\WINDOWS\System32\GDI32.dll
0x00007fff033b0000 - 0x00007fff034bb000 	C:\WINDOWS\System32\gdi32full.dll
0x00007fff03930000 - 0x00007fff039cd000 	C:\WINDOWS\System32\msvcp_win.dll
0x00007ffef9380000 - 0x00007ffef938a000 	C:\WINDOWS\SYSTEM32\VERSION.dll
0x00007fff03c30000 - 0x00007fff03c60000 	C:\WINDOWS\System32\IMM32.DLL
0x00007ffedb280000 - 0x00007ffedb28c000 	C:\Users\Yasser\Desktop\eclipse\jre\bin\vcruntime140_1.dll
0x00007ffee5590000 - 0x00007ffee5621000 	C:\Users\Yasser\Desktop\eclipse\jre\bin\msvcp140.dll
0x00007ffeae600000 - 0x00007ffeaf15c000 	C:\Users\Yasser\Desktop\eclipse\jre\bin\server\jvm.dll
0x00007fff03b80000 - 0x00007fff03b88000 	C:\WINDOWS\System32\PSAPI.DLL
0x00007ffef4de0000 - 0x00007ffef4de9000 	C:\WINDOWS\SYSTEM32\WSOCK32.dll
0x00007ffef56a0000 - 0x00007ffef56c7000 	C:\WINDOWS\SYSTEM32\WINMM.dll
0x00007fff048d0000 - 0x00007fff0493b000 	C:\WINDOWS\System32\WS2_32.dll
0x00007fff011a0000 - 0x00007fff011b2000 	C:\WINDOWS\SYSTEM32\kernel.appcore.dll
0x00007ffeda730000 - 0x00007ffeda73a000 	C:\Users\Yasser\Desktop\eclipse\jre\bin\jimage.dll
0x00007ffef8ba0000 - 0x00007ffef8d84000 	C:\WINDOWS\SYSTEM32\DBGHELP.DLL
0x00007ffef8b70000 - 0x00007ffef8b9c000 	C:\WINDOWS\SYSTEM32\dbgcore.DLL
0x00007fff034c0000 - 0x00007fff03543000 	C:\WINDOWS\System32\bcryptPrimitives.dll
0x00007ffeae5d0000 - 0x00007ffeae5f5000 	C:\Users\Yasser\Desktop\eclipse\jre\bin\java.dll

dbghelp: loaded successfully - version: 4.0.5 - missing functions: none
symbol engine: initialized successfully - sym options: 0x614 - pdb path: .;C:\Users\Yasser\Desktop\eclipse\jre\bin;C:\WINDOWS\SYSTEM32;C:\Program Files\AVAST Software\Avast;C:\WINDOWS\WinSxS\amd64_microsoft.windows.common-controls_6595b64144ccf1df_6.0.19041.1052_none_60b8f8fd71f5e8cb;C:\Users\Yasser\Desktop\eclipse\jre\bin\server

VM Arguments:
jvm_args: -Dfile.encoding=Cp1252 -XX:+ShowCodeDetailsInExceptionMessages 
java_command: view.CityView
java_class_path (initial): C:\Users\Yasser\Desktop\EmpireM2\bin;C:\Users\Yasser\Desktop\eclipse\plugins\org.junit_4.13.0.v20200204-1500.jar;C:\Users\Yasser\Desktop\eclipse\plugins\org.hamcrest.core_1.3.0.v20180420-1519.jar
Launcher Type: SUN_STANDARD

[Global flags]
     intx CICompilerCount                          = 3                                         {product} {ergonomic}
     uint ConcGCThreads                            = 1                                         {product} {ergonomic}
     uint G1ConcRefinementThreads                  = 4                                         {product} {ergonomic}
   size_t G1HeapRegionSize                         = 1048576                                   {product} {ergonomic}
    uintx GCDrainStackTargetSize                   = 64                                        {product} {ergonomic}
   size_t InitialHeapSize                          = 67108864                                  {product} {ergonomic}
   size_t MarkStackSize                            = 4194304                                   {product} {ergonomic}
   size_t MaxHeapSize                              = 1042284544                                {product} {ergonomic}
   size_t MinHeapDeltaBytes                        = 1048576                                   {product} {ergonomic}
   size_t MinHeapSize                              = 8388608                                   {product} {ergonomic}
    uintx NonNMethodCodeHeapSize                   = 5832780                                {pd product} {ergonomic}
    uintx NonProfiledCodeHeapSize                  = 122912730                              {pd product} {ergonomic}
    uintx ProfiledCodeHeapSize                     = 122912730                              {pd product} {ergonomic}
    uintx ReservedCodeCacheSize                    = 251658240                              {pd product} {ergonomic}
     bool SegmentedCodeCache                       = true                                      {product} {ergonomic}
     bool ShowCodeDetailsInExceptionMessages       = true                                   {manageable} {command line}
   size_t SoftMaxHeapSize                          = 1042284544                             {manageable} {ergonomic}
     bool UseCompressedClassPointers               = true                                 {lp64_product} {ergonomic}
     bool UseCompressedOops                        = true                                 {lp64_product} {ergonomic}
     bool UseG1GC                                  = true                                      {product} {ergonomic}
     bool UseLargePagesIndividualAllocation        = false                                  {pd product} {ergonomic}

Logging:
Log output configuration:
 #0: stdout all=warning uptime,level,tags
 #1: stderr all=off uptime,level,tags

Environment Variables:
PATH=C:/Users/Yasser/Desktop/eclipse/jre/bin/server;C:/Users/Yasser/Desktop/eclipse/jre/bin;C:\Program Files\Common Files\Oracle\Java\javapath;C:\Program Files (x86)\Common Files\Oracle\Java\javapath;C:\Program Files (x86)\NVIDIA Corporation\PhysX\Common;C:\WINDOWS\system32;C:\WINDOWS;C:\WINDOWS\System32\Wbem;C:\WINDOWS\System32\WindowsPowerShell\v1.0\;C:\WINDOWS\System32\OpenSSH\;C:\Program Files\Microsoft SQL Server\130\Tools\Binn\;C:\Users\Yasser\AppData\Local\Programs\Python\Python38-32\Scripts\;C:\Users\Yasser\AppData\Local\Programs\Python\Python38-32\;C:\Users\Yasser\AppData\Local\Microsoft\WindowsApps;;C:\Program Files\JetBrains\PyCharm Community Edition 2020.1.1\bin;;C:\Users\Yasser\Desktop\eclipse;
USERNAME=Yasser
OS=Windows_NT
PROCESSOR_IDENTIFIER=Intel64 Family 6 Model 58 Stepping 9, GenuineIntel



---------------  S Y S T E M  ---------------

OS:
 Windows 10 , 64 bit Build 19041 (10.0.19041.1023)
OS uptime: 0 days 4:54 hours

CPU: total 4 (initial active 4) (2 cores per cpu, 2 threads per core) family 6 model 58 stepping 9, cmov, cx8, fxsr, mmx, sse, sse2, sse3, ssse3, sse4.1, sse4.2, popcnt, vzeroupper, avx, aes, clmul, erms, ht, tsc, tscinvbit, tscinv, clflush

Memory: 4k page, system-wide physical 3971M (507M free)
TotalPageFile size 16259M (AvailPageFile size 66M)
current process WorkingSet (physical memory assigned to process): 10M, peak: 10M
current process commit charge ("private bytes"): 51M, peak: 115M

vm_info: Java HotSpot(TM) 64-Bit Server VM (15+36-1562) for windows-amd64 JRE (15+36-1562), built on Aug 11 2020 22:38:02 by "mach5one" with unknown MS VC++:1925

END.
